2022-11-14T16:27:29.0863697-06:00	INFO	[MovieDatabaseApplication_A11.Dao.FileService]	[0]	Here is some information
2022-11-14T16:27:38.1985039-06:00	INFO	[MovieDatabaseApplication_A11.Dao.FileService]	[0]	Reading
2022-11-14T16:27:38.2320641-06:00	INFO	[MovieDatabaseApplication_A11.Dao.FileService]	[0]	Movies in file 9128
2022-11-14T16:28:18.5457074-06:00	INFO	[MovieDatabaseApplication_A11.Dao.FileService]	[0]	Here is some information
2022-11-14T16:28:21.0916059-06:00	INFO	[MovieDatabaseApplication_A11.Services.MainService]	[0]	Listing movies from database
2022-11-14T16:29:26.4038459-06:00	INFO	[MovieDatabaseApplication_A11.Dao.FileService]	[0]	Here is some information
2022-11-14T16:29:33.2312168-06:00	INFO	[MovieDatabaseApplication_A11.Services.MainService]	[0]	Listing movies from database
2022-11-14T16:30:25.8622362-06:00	INFO	[MovieDatabaseApplication_A11.Dao.FileService]	[0]	Here is some information
2022-11-14T16:30:27.7387943-06:00	INFO	[MovieDatabaseApplication_A11.Services.MainService]	[0]	Listing movies from database
2022-11-14T16:30:54.5385990-06:00	INFO	[MovieDatabaseApplication_A11.Dao.FileService]	[0]	Reading
2022-11-14T16:30:54.5572303-06:00	INFO	[MovieDatabaseApplication_A11.Dao.FileService]	[0]	Movies in file 9128
2022-11-14T16:31:11.5992150-06:00	INFO	[MovieDatabaseApplication_A11.Services.MainService]	[0]	Listing movies from database
2022-11-14T16:35:29.9930788-06:00	INFO	[MovieDatabaseApplication_A11.Dao.FileService]	[0]	Here is some information
2022-11-14T16:35:32.7931405-06:00	INFO	[MovieDatabaseApplication_A11.Services.MainService]	[0]	Updating an existing movie
2022-11-14T16:35:38.9901998-06:00	INFO	[MovieDatabaseApplication_A11.Services.MainService]	[0]	Deleting a movie
2022-11-14T16:35:44.3061863-06:00	INFO	[MovieDatabaseApplication_A11.Services.MainService]	[0]	Searching for a movie
2022-11-14T19:43:41.5198109-06:00	INFO	[MovieDatabaseApplication_A11.Dao.FileService]	[0]	Here is some information
2022-11-14T19:43:46.2808487-06:00	INFO	[MovieDatabaseApplication_A11.Services.MainService]	[0]	Listing movies from database
2022-11-14T19:43:53.8648150-06:00	INFO	[MovieDatabaseApplication_A11.Services.MainService]	[0]	Adding a new movie
2022-11-14T19:46:55.2123032-06:00	INFO	[MovieDatabaseApplication_A11.Dao.FileService]	[0]	Here is some information
2022-11-14T19:47:00.6814401-06:00	INFO	[MovieDatabaseApplication_A11.Services.MainService]	[0]	Adding a new movie
2022-11-14T19:47:32.2527396-06:00	INFO	[MovieDatabaseApplication_A11.Services.MainService]	[0]	Updating an existing movie
2022-11-14T19:57:12.0025199-06:00	INFO	[MovieDatabaseApplication_A11.Dao.FileService]	[0]	Here is some information
2022-11-14T19:57:15.1432088-06:00	INFO	[MovieDatabaseApplication_A11.Services.MainService]	[0]	Adding a new movie
2022-11-14T20:02:00.9227371-06:00	INFO	[MovieDatabaseApplication_A11.Dao.FileService]	[0]	Here is some information
2022-11-14T20:02:04.5996708-06:00	INFO	[MovieDatabaseApplication_A11.Services.MainService]	[0]	Searching for a movie
2022-11-15T06:55:55.2038726-06:00	INFO	[MovieDatabaseApplication_A11.Dao.FileService]	[0]	Here is some information
2022-11-15T06:56:25.0692830-06:00	INFO	[MovieDatabaseApplication_A11.Services.MainService]	[0]	Searching for a movie
2022-11-15T06:56:53.3282728-06:00	INFO	[MovieDatabaseApplication_A11.Services.MainService]	[0]	Updating an existing movie
2022-11-15T06:56:58.7370348-06:00	INFO	[MovieDatabaseApplication_A11.Services.MainService]	[0]	Deleting a movie
2022-11-15T07:00:36.7974897-06:00	INFO	[MovieDatabaseApplication_A11.Dao.FileService]	[0]	Here is some information
2022-11-15T07:00:39.8687155-06:00	INFO	[MovieDatabaseApplication_A11.Services.MainService]	[0]	Searching for a movie
2022-11-15T07:01:19.4363585-06:00	INFO	[MovieDatabaseApplication_A11.Dao.FileService]	[0]	Here is some information
2022-11-15T07:01:22.6021970-06:00	INFO	[MovieDatabaseApplication_A11.Services.MainService]	[0]	Searching for a movie
2022-11-15T07:59:07.3627759-06:00	INFO	[MovieDatabaseApplication_A11.Dao.FileService]	[0]	Here is some information
2022-11-15T07:59:11.2911993-06:00	INFO	[MovieDatabaseApplication_A11.Services.MainService]	[0]	Adding a new movie
2022-11-15T07:59:36.3975138-06:00	INFO	[MovieDatabaseApplication_A11.Services.MainService]	[0]	Listing movies from database
2022-11-15T07:59:53.1154410-06:00	INFO	[MovieDatabaseApplication_A11.Services.MainService]	[0]	Searching for a movie
2022-11-15T08:09:37.8927367-06:00	INFO	[MovieDatabaseApplication_A11.Dao.FileService]	[0]	Here is some information
2022-11-15T08:09:40.4358094-06:00	INFO	[MovieDatabaseApplication_A11.Services.MainService]	[0]	Adding a new movie
2022-11-15T08:10:01.0749687-06:00	INFO	[MovieDatabaseApplication_A11.Services.MainService]	[0]	Searching for a movie
2022-11-15T08:10:10.6760266-06:00	INFO	[MovieDatabaseApplication_A11.Services.MainService]	[0]	Listing movies from database
2022-11-15T08:13:49.9708639-06:00	INFO	[MovieDatabaseApplication_A11.Dao.FileService]	[0]	Here is some information
2022-11-15T08:13:53.1677145-06:00	INFO	[MovieDatabaseApplication_A11.Services.MainService]	[0]	Updating an existing movie
2022-11-15T08:41:28.7478329-06:00	INFO	[MovieDatabaseApplication_A11.Dao.FileService]	[0]	Here is some information
2022-11-15T08:41:31.4495295-06:00	INFO	[MovieDatabaseApplication_A11.Services.MainService]	[0]	Listing movies from database
2022-11-15T08:41:37.0352418-06:00	INFO	[MovieDatabaseApplication_A11.Services.MainService]	[0]	Updating an existing movie
2022-11-15T08:58:25.5346338-06:00	INFO	[MovieDatabaseApplication_A11.Dao.FileService]	[0]	Here is some information
2022-11-15T08:58:28.9906658-06:00	INFO	[MovieDatabaseApplication_A11.Services.MainService]	[0]	Updating an existing movie
2022-11-15T08:58:53.7829239-06:00	INFO	[MovieDatabaseApplication_A11.Services.MainService]	[0]	Listing movies from database
2022-11-15T08:59:26.9008750-06:00	INFO	[MovieDatabaseApplication_A11.Dao.FileService]	[0]	Here is some information
2022-11-15T08:59:29.7004557-06:00	INFO	[MovieDatabaseApplication_A11.Services.MainService]	[0]	Updating an existing movie
2022-11-15T08:59:52.4013255-06:00	INFO	[MovieDatabaseApplication_A11.Services.MainService]	[0]	Listing movies from database
2022-11-15T09:02:03.9388388-06:00	INFO	[MovieDatabaseApplication_A11.Dao.FileService]	[0]	Here is some information
2022-11-15T09:02:08.0358621-06:00	INFO	[MovieDatabaseApplication_A11.Services.MainService]	[0]	Updating an existing movie
2022-11-15T09:03:40.8192606-06:00	INFO	[MovieDatabaseApplication_A11.Dao.FileService]	[0]	Here is some information
2022-11-15T09:03:43.4409075-06:00	INFO	[MovieDatabaseApplication_A11.Services.MainService]	[0]	Updating an existing movie
2022-11-15T09:04:57.1092266-06:00	INFO	[MovieDatabaseApplication_A11.Dao.FileService]	[0]	Here is some information
2022-11-15T09:04:59.7848067-06:00	INFO	[MovieDatabaseApplication_A11.Services.MainService]	[0]	Updating an existing movie
2022-11-15T09:13:05.9810004-06:00	INFO	[MovieDatabaseApplication_A11.Dao.FileService]	[0]	Here is some information
2022-11-15T09:13:16.1044653-06:00	INFO	[MovieDatabaseApplication_A11.Services.MainService]	[0]	Listing movies from database
2022-11-15T09:28:46.8470376-06:00	INFO	[MovieDatabaseApplication_A11.Dao.FileService]	[0]	Here is some information
2022-11-15T09:28:54.3320171-06:00	INFO	[MovieDatabaseApplication_A11.Services.MainService]	[0]	Listing movies from database
2022-11-15T09:29:01.8569656-06:00	INFO	[MovieDatabaseApplication_A11.Services.MainService]	[0]	Deleting a movie
2022-11-15T09:29:20.2672875-06:00	INFO	[MovieDatabaseApplication_A11.Services.MainService]	[0]	Listing movies from database
2022-11-15T09:29:26.0674771-06:00	INFO	[MovieDatabaseApplication_A11.Services.MainService]	[0]	Adding a new movie
2022-11-15T09:29:37.7159369-06:00	INFO	[MovieDatabaseApplication_A11.Services.MainService]	[0]	Movie added
2022-11-15T09:29:52.5197732-06:00	INFO	[MovieDatabaseApplication_A11.Services.MainService]	[0]	Listing movies from database
2022-11-15T09:29:58.9041964-06:00	INFO	[MovieDatabaseApplication_A11.Services.MainService]	[0]	Updating an existing movie
2022-11-15T09:30:17.1184557-06:00	INFO	[MovieDatabaseApplication_A11.Services.MainService]	[0]	Listing movies from database
2022-11-15T09:30:26.5777988-06:00	INFO	[MovieDatabaseApplication_A11.Services.MainService]	[0]	Updating an existing movie
2022-11-15T09:31:34.6543403-06:00	INFO	[MovieDatabaseApplication_A11.Services.MainService]	[0]	Updating an existing movie
2022-11-15T09:32:04.4487969-06:00	INFO	[MovieDatabaseApplication_A11.Services.MainService]	[0]	Deleting a movie
2022-11-15T09:33:07.1777062-06:00	INFO	[MovieDatabaseApplication_A11.Dao.FileService]	[0]	Here is some information
2022-11-15T09:33:12.2621461-06:00	INFO	[MovieDatabaseApplication_A11.Services.MainService]	[0]	Listing movies from database
2022-11-15T09:33:24.9059549-06:00	INFO	[MovieDatabaseApplication_A11.Services.MainService]	[0]	Updating an existing movie
2022-11-15T09:33:43.5388573-06:00	INFO	[MovieDatabaseApplication_A11.Services.MainService]	[0]	Listing movies from database
2022-11-15T09:33:58.0221678-06:00	INFO	[MovieDatabaseApplication_A11.Services.MainService]	[0]	Listing movies from database
2022-11-15T09:34:01.1166807-06:00	INFO	[MovieDatabaseApplication_A11.Services.MainService]	[0]	Listing movies from database
2022-11-15T09:34:02.3316694-06:00	INFO	[MovieDatabaseApplication_A11.Services.MainService]	[0]	Listing movies from database
2022-11-15T09:34:03.6740899-06:00	INFO	[MovieDatabaseApplication_A11.Services.MainService]	[0]	Listing movies from database
2022-11-15T09:34:09.3357829-06:00	INFO	[MovieDatabaseApplication_A11.Dao.FileService]	[0]	Here is some information
2022-11-15T09:34:10.7920976-06:00	INFO	[MovieDatabaseApplication_A11.Services.MainService]	[0]	Listing movies from database
2022-11-15T09:34:38.4442606-06:00	INFO	[MovieDatabaseApplication_A11.Services.MainService]	[0]	Deleting a movie
2022-11-15T09:34:46.1699208-06:00	INFO	[MovieDatabaseApplication_A11.Services.MainService]	[0]	Listing movies from database
2022-11-15T09:35:16.6497448-06:00	INFO	[MovieDatabaseApplication_A11.Services.MainService]	[0]	Adding a new movie
2022-11-15T09:35:28.0134198-06:00	INFO	[MovieDatabaseApplication_A11.Services.MainService]	[0]	Movie added
2022-11-15T09:35:30.0858289-06:00	INFO	[MovieDatabaseApplication_A11.Services.MainService]	[0]	Listing movies from database
2022-11-15T09:46:38.7326901-06:00	INFO	[MovieDatabaseApplication_A11.Dao.FileService]	[0]	Here is some information
2022-11-15T10:11:46.6896143-06:00	INFO	[MovieDatabaseApplication_A11.Dao.FileService]	[0]	Here is some information
2022-11-15T10:11:49.4933361-06:00	INFO	[MovieDatabaseApplication_A11.Services.MainService]	[0]	Listing movies from database
2022-11-16T18:05:36.3609360-06:00	INFO	[MovieDatabaseApplication_A11.Dao.FileService]	[0]	Here is some information
2022-11-16T18:05:48.8973745-06:00	INFO	[MovieDatabaseApplication_A11.Services.MainService]	[0]	Adding a new movie
2022-11-16T18:06:11.9649754-06:00	INFO	[MovieDatabaseApplication_A11.Services.MainService]	[0]	Movie added
2022-11-16T18:06:11.9668138-06:00	INFO	[MovieDatabaseApplication_A11.Services.MainService]	[0]	Listing movies from database
2022-11-16T18:06:22.3861466-06:00	INFO	[MovieDatabaseApplication_A11.Services.MainService]	[0]	Listing movies from database
